2020-06-16 17:39:04.8756|0|TestWebApp.Program|DEBUG|init main 
2020-06-16 17:39:10.7401|0|Microsoft.Hosting.Lifetime|INFO|Now listening on: https://localhost:5001 
2020-06-16 17:39:10.7806|0|Microsoft.Hosting.Lifetime|INFO|Now listening on: http://localhost:5000 
2020-06-16 17:39:10.8129|0|Microsoft.Hosting.Lifetime|INFO|Application started. Press Ctrl+C to shut down. 
2020-06-16 17:39:10.8324|0|Microsoft.Hosting.Lifetime|INFO|Hosting environment: Development 
2020-06-16 17:39:10.8485|0|Microsoft.Hosting.Lifetime|INFO|Content root path: C:\Users\Kreso\Desktop\Projekt 
2020-06-16 17:59:22.4291|0|TestWebApp.Program|DEBUG|init main 
2020-06-16 17:59:24.3384|0|Microsoft.Hosting.Lifetime|INFO|Now listening on: https://localhost:5001 
2020-06-16 17:59:24.3682|0|Microsoft.Hosting.Lifetime|INFO|Now listening on: http://localhost:5000 
2020-06-16 17:59:24.3682|0|Microsoft.Hosting.Lifetime|INFO|Application started. Press Ctrl+C to shut down. 
2020-06-16 17:59:24.3924|0|Microsoft.Hosting.Lifetime|INFO|Hosting environment: Development 
2020-06-16 17:59:24.4057|0|Microsoft.Hosting.Lifetime|INFO|Content root path: C:\Users\Kreso\Desktop\Projekt 
2020-06-16 18:04:49.2277|0|TestWebApp.Program|DEBUG|init main 
2020-06-16 18:04:51.5565|0|Microsoft.Hosting.Lifetime|INFO|Now listening on: https://localhost:5001 
2020-06-16 18:04:51.6078|0|Microsoft.Hosting.Lifetime|INFO|Now listening on: http://localhost:5000 
2020-06-16 18:04:51.6385|0|Microsoft.Hosting.Lifetime|INFO|Application started. Press Ctrl+C to shut down. 
2020-06-16 18:04:51.6699|0|Microsoft.Hosting.Lifetime|INFO|Hosting environment: Development 
2020-06-16 18:04:51.6868|0|Microsoft.Hosting.Lifetime|INFO|Content root path: C:\Users\Kreso\Desktop\Projekt 
2020-06-16 18:09:13.1642|0|TestWebApp.Program|DEBUG|init main 
2020-06-16 18:09:15.4642|0|Microsoft.Hosting.Lifetime|INFO|Now listening on: https://localhost:5001 
2020-06-16 18:09:15.5003|0|Microsoft.Hosting.Lifetime|INFO|Now listening on: http://localhost:5000 
2020-06-16 18:09:15.5200|0|Microsoft.Hosting.Lifetime|INFO|Application started. Press Ctrl+C to shut down. 
2020-06-16 18:09:15.5420|0|Microsoft.Hosting.Lifetime|INFO|Hosting environment: Development 
2020-06-16 18:09:15.5605|0|Microsoft.Hosting.Lifetime|INFO|Content root path: C:\Users\Kreso\Desktop\Projekt 
2020-06-16 18:33:09.9473|0|TestWebApp.Program|DEBUG|init main 
2020-06-16 18:33:12.3942|0|Microsoft.Hosting.Lifetime|INFO|Now listening on: https://localhost:5001 
2020-06-16 18:33:12.4336|0|Microsoft.Hosting.Lifetime|INFO|Now listening on: http://localhost:5000 
2020-06-16 18:33:12.4637|0|Microsoft.Hosting.Lifetime|INFO|Application started. Press Ctrl+C to shut down. 
2020-06-16 18:33:12.4803|0|Microsoft.Hosting.Lifetime|INFO|Hosting environment: Development 
2020-06-16 18:33:12.4979|0|Microsoft.Hosting.Lifetime|INFO|Content root path: C:\Users\Kreso\Desktop\Projekt 
2020-06-16 18:38:28.8879|0|TestWebApp.Program|DEBUG|init main 
2020-06-16 18:38:31.1087|0|Microsoft.Hosting.Lifetime|INFO|Now listening on: https://localhost:5001 
2020-06-16 18:38:31.1480|0|Microsoft.Hosting.Lifetime|INFO|Now listening on: http://localhost:5000 
2020-06-16 18:38:31.2246|0|Microsoft.Hosting.Lifetime|INFO|Application started. Press Ctrl+C to shut down. 
2020-06-16 18:38:31.2652|0|Microsoft.Hosting.Lifetime|INFO|Hosting environment: Development 
2020-06-16 18:38:31.2837|0|Microsoft.Hosting.Lifetime|INFO|Content root path: C:\Users\Kreso\Desktop\Projekt 
